Command output : :: Synchronizing package databases...
 endeavouros downloading...
 core downloading...
 extra downloading...
 multilib downloading...
:: Starting full system upgrade...
 there is nothing to do

Command output : [1m[33m -> [0m[0mAvoid running yay as root/sudo.
:: Synchronizing package databases...
 endeavouros downloading...
 core downloading...
 extra downloading...
 multilib downloading...
:: [1mSearching AUR for updates...[0m
:: [1mSearching databases for updates...[0m
 there is nothing to do

Current username: rs
Command output :  there is nothing to do

Installed base-devel successfully.
Command output :  there is nothing to do

Installed git successfully.
Command output :  there is nothing to do

Installed gcc successfully.
Command output :  there is nothing to do

Installed make successfully.
Command output :  there is nothing to do

Installed clang successfully.
Command output :  there is nothing to do

Installed cargo successfully.
Command output :  there is nothing to do

Installed just successfully.
Command output :  there is nothing to do

Installed curl successfully.
Command output :  there is nothing to do

Installed wget successfully.
Command output :  there is nothing to do

Installed unzip successfully.
Command output :  there is nothing to do

Installed unrar successfully.
Command output :  there is nothing to do

Installed p7zip successfully.
Command output :  there is nothing to do

Installed xclip successfully.
Command output :  there is nothing to do

Installed wl-clipboard successfully.
Command output : 
Command output : 
Configured GIT with user name 'entish84' and email 'entishthoughts@outlook.com' successfully.
Checked for SSH installation successfully. SSH is installed at /usr/bin/ssh.
Ensured SSH key directory exists at /home/rs/.ssh.
SSH key path set to /home/rs/.ssh/id_ed25519.
SSH key already exists at /home/rs/.ssh/id_ed25519, skipping generation.
Displaying SSH public key for GIT: ssh-ed25519 AAAAC3NzaC1lZDI1NTE5AAAAIMRJPKVvSyOF3dY5O8niBPvMti+2aMNoiKN4q9iRj7ug entishthoughts@outlook.com

Command output :  there is nothing to do

Command output :  there is nothing to do

Command output :  there is nothing to do

Successfully installed fonts: inter-font, ttf-jetbrains-mono-nerd, ttf-firacode-nerd.
Command output :  there is nothing to do

Successfully installed Zsh.
Command error: sh: line 1: #!/bin/sh: No such file or directory

Command output : Changing shell for rs.

Successfully installed Zsh and Oh My Zsh, and set Zsh as the default shell.
Command output :  there is nothing to do

Command output :  there is nothing to do

Command output :  there is nothing to do

Command output :  there is nothing to do

Command output :  there is nothing to do

Command output :  there is nothing to do

Command output :  there is nothing to do

Command output :  there is nothing to do

Command output :  there is nothing to do

Command output :  there is nothing to do

Command output :  there is nothing to do

Command output :  there is nothing to do

Command output :  there is nothing to do

Successfully installed terminal and utilities: kitty, zoxide, eza, fzf, bat, micro, fastfetch, fd, ripgrep, yazi, btop, bash-completion, starship.
Command output : 
Successfully configured Starship theme with the pure-preset.
Command error: fatal: destination path '/home/rs/.oh-my-zsh/custom/plugins/zsh-autosuggestions' already exists and is not an empty directory.

Command error: fatal: destination path '/home/rs/.oh-my-zsh/custom/plugins/zsh-syntax-highlighting' already exists and is not an empty directory.

Command error: fatal: destination path '/home/rs/.oh-my-zsh/custom/plugins/zsh-autocomplete' already exists and is not an empty directory.

Command error: fatal: destination path '/home/rs/.oh-my-zsh/custom/plugins/zsh-history-substring-search' already exists and is not an empty directory.

Successfully installed Zsh plugins: zsh-autosuggestions, zsh-syntax-highlighting, zsh-autocomplete, zsh-history-substring-search.
Command output :  there is nothing to do

Successfully installed Neovim and tree-sitter-cli.
Successfully cloned LazyVim configuration.
Removed .git directory from LazyVim configuration.
Command output : [35m[LazyVim] [0m[36m        fetch[0m[90m | [0m[34mRunning task fetch[0m
[35m[blink.cmp] [0m[36m      fetch[0m[90m | [0m[34mRunning task fetch[0m
[35m[bufferline.nvim] [0m[36mfetch[0m[90m | [0m[34mRunning task fetch[0m
[35m[catppuccin] [0m[36m     fetch[0m[90m | [0m[34mRunning task fetch[0m
[35m[conform.nvim] [0m[36m   fetch[0m[90m | [0m[34mRunning task fetch[0m
[35m[flash.nvim] [0m[36m     fetch[0m[90m | [0m[34mRunning task fetch[0m
[35m[friendly-snippets] [0m[36mfetch[0m[90m | [0m[34mRunning task fetch[0m
[35m[gitsigns.nvim] [0m[36m  fetch[0m[90m | [0m[34mRunning task fetch[0m
[35m[grug-far.nvim] [0m[36m  fetch[0m[90m | [0m[34mRunning task fetch[0m
[35m[lazy.nvim] [0m[36m      fetch[0m[90m | [0m[34mRunning task fetch[0m
[35m[lazydev.nvim] [0m[36m   fetch[0m[90m | [0m[34mRunning task fetch[0m
[35m[lualine.nvim] [0m[36m   fetch[0m[90m | [0m[34mRunning task fetch[0m
[35m[mason-lspconfig.nvim] [0m[36mfetch[0m[90m | [0m[34mRunning task fetch[0m
[35m[mason.nvim] [0m[36m     fetch[0m[90m | [0m[34mRunning task fetch[0m
[35m[mini.ai] [0m[36m        fetch[0m[90m | [0m[34mRunning task fetch[0m
[35m[mini.icons] [0m[36m     fetch[0m[90m | [0m[34mRunning task fetch[0m
[35m[mini.pairs] [0m[36m     fetch[0m[90m | [0m[34mRunning task fetch[0m
[35m[noice.nvim] [0m[36m     fetch[0m[90m | [0m[34mRunning task fetch[0m
[35m[nui.nvim] [0m[36m       fetch[0m[90m | [0m[34mRunning task fetch[0m
[35m[nvim-lint] [0m[36m      fetch[0m[90m | [0m[34mRunning task fetch[0m
[35m[nvim-lspconfig] [0m[36m fetch[0m[90m | [0m[34mRunning task fetch[0m
[35m[nvim-treesitter] [0m[36mfetch[0m[90m | [0m[34mRunning task fetch[0m
[35m[nvim-treesitter-textobjects] [0m[36mfetch[0m[90m | [0m[34mRunning task fetch[0m
[35m[nvim-ts-autotag] [0m[36mfetch[0m[90m | [0m[34mRunning task fetch[0m
[35m[persistence.nvim] [0m[36mfetch[0m[90m | [0m[34mRunning task fetch[0m
[35m[plenary.nvim] [0m[36m   fetch[0m[90m | [0m[34mRunning task fetch[0m
[35m[snacks.nvim] [0m[36m    fetch[0m[90m | [0m[34mRunning task fetch[0m
[35m[todo-comments.nvim] [0m[36mfetch[0m[90m | [0m[34mRunning task fetch[0m
[35m[tokyonight.nvim] [0m[36mfetch[0m[90m | [0m[34mRunning task fetch[0m
[35m[trouble.nvim] [0m[36m   fetch[0m[90m | [0m[34mRunning task fetch[0m
[35m[ts-comments.nvim] [0m[36mfetch[0m[90m | [0m[34mRunning task fetch[0m
[35m[which-key.nvim] [0m[36m fetch[0m[90m | [0m[34mRunning task fetch[0m
[35m[mini.icons] [0m[36m     fetch[0m[90m | [0m[34mFinished task fetch in 588ms[0m
[35m[mini.icons] [0m[36m    status[0m[90m | [0m[34mRunning task status[0m
[35m[nui.nvim] [0m[36m       fetch[0m[90m | [0m[34mFinished task fetch in 593ms[0m
[35m[nui.nvim] [0m[36m      status[0m[90m | [0m[34mRunning task status[0m
[35m[persistence.nvim] [0m[36mfetch[0m[90m | [0m[34mFinished task fetch in 594ms[0m
[35m[persistence.nvim] [0m[36mstatus[0m[90m | [0m[34mRunning task status[0m
[35m[tokyonight.nvim] [0m[36mfetch[0m[90m | [0m[34mFinished task fetch in 595ms[0m
[35m[mini.icons] [0m[36m    status[0m[90m | [0m[34mFinished task status in 7ms[0m
[35m[mini.icons] [0m[36m  checkout[0m[90m | [0m[34mRunning task checkout[0m
[35m[mini.icons] [0m[36m  checkout[0m[90m | [0m[34mFinished task checkout in 0ms[0m
[35m[tokyonight.nvim] [0m[36mstatus[0m[90m | [0m[34mRunning task status[0m
[35m[bufferline.nvim] [0m[36mfetch[0m[90m | [0m[34mFinished task fetch in 599ms[0m
[35m[mason-lspconfig.nvim] [0m[36mfetch[0m[90m | [0m[34mFinished task fetch in 598ms[0m
[35m[bufferline.nvim] [0m[36mstatus[0m[90m | [0m[34mRunning task status[0m
[35m[mason-lspconfig.nvim] [0m[36mstatus[0m[90m | [0m[34mRunning task status[0m
[35m[conform.nvim] [0m[36m   fetch[0m[90m | [0m[34mFinished task fetch in 600ms[0m
[35m[flash.nvim] [0m[36m     fetch[0m[90m | [0m[34mFinished task fetch in 600ms[0m
[35m[grug-far.nvim] [0m[36m  fetch[0m[90m | [0m[34mFinished task fetch in 600ms[0m
[35m[nui.nvim] [0m[36m      status[0m[90m | [0m[34mFinished task status in 5ms[0m
[35m[conform.nvim] [0m[36m  status[0m[90m | [0m[34mRunning task status[0m
[35m[flash.nvim] [0m[36m    status[0m[90m | [0m[34mRunning task status[0m
[35m[grug-far.nvim] [0m[36m status[0m[90m | [0m[34mRunning task status[0m
[35m[nui.nvim] [0m[36m    checkout[0m[90m | [0m[34mRunning task checkout[0m
[35m[nui.nvim] [0m[36m    checkout[0m[90m | [0m[34mFinished task checkout in 0ms[0m
[35m[snacks.nvim] [0m[36m    fetch[0m[90m | [0m[34mFinished task fetch in 601ms[0m
[35m[persistence.nvim] [0m[36mstatus[0m[90m | [0m[34mFinished task status in 7ms[0m
[35m[persistence.nvim] [0m[36mcheckout[0m[90m | [0m[34mRunning task checkout[0m
[35m[persistence.nvim] [0m[36mcheckout[0m[90m | [0m[34mFinished task checkout in 0ms[0m
[35m[snacks.nvim] [0m[36m   status[0m[90m | [0m[34mRunning task status[0m
[35m[mini.ai] [0m[36m        fetch[0m[90m | [0m[34mFinished task fetch in 605ms[0m
[35m[mini.ai] [0m[36m       status[0m[90m | [0m[34mRunning task status[0m
[35m[which-key.nvim] [0m[36m fetch[0m[90m | [0m[34mFinished task fetch in 605ms[0m
[35m[tokyonight.nvim] [0m[36mstatus[0m[90m | [0m[34mFinished task status in 9ms[0m
[35m[bufferline.nvim] [0m[36mstatus[0m[90m | [0m[34mFinished task status in 7ms[0m
[35m[mason-lspconfig.nvim] [0m[36mstatus[0m[90m | [0m[34mFinished task status in 7ms[0m
[35m[flash.nvim] [0m[36m    status[0m[90m | [0m[34mFinished task status in 5ms[0m
[35m[bufferline.nvim] [0m[36mcheckout[0m[90m | [0m[34mRunning task checkout[0m
[35m[bufferline.nvim] [0m[36mcheckout[0m[90m | [0m[34mFinished task checkout in 0ms[0m
[35m[flash.nvim] [0m[36m  checkout[0m[90m | [0m[34mRunning task checkout[0m
[35m[flash.nvim] [0m[36m  checkout[0m[90m | [0m[34mFinished task checkout in 1ms[0m
[35m[mason-lspconfig.nvim] [0m[36mcheckout[0m[90m | [0m[34mRunning task checkout[0m
[35m[mason-lspconfig.nvim] [0m[36mcheckout[0m[90m | [0m[34mFinished task checkout in 1ms[0m
[35m[tokyonight.nvim] [0m[36mcheckout[0m[90m | [0m[34mRunning task checkout[0m
[35m[tokyonight.nvim] [0m[36mcheckout[0m[90m | [0m[34mFinished task checkout in 1ms[0m
[35m[which-key.nvim] [0m[36mstatus[0m[90m | [0m[34mRunning task status[0m
[35m[conform.nvim] [0m[36m  status[0m[90m | [0m[34mFinished task status in 7ms[0m
[35m[conform.nvim] [0m[36mcheckout[0m[90m | [0m[34mRunning task checkout[0m
[35m[conform.nvim] [0m[36mcheckout[0m[90m | [0m[34mFinished task checkout in 0ms[0m
[35m[gitsigns.nvim] [0m[36m  fetch[0m[90m | [0m[34mFinished task fetch in 610ms[0m
[35m[gitsigns.nvim] [0m[36m status[0m[90m | [0m[34mRunning task status[0m
[35m[nvim-treesitter] [0m[36mfetch[0m[90m | [0m[34mFinished task fetch in 610ms[0m
[35m[todo-comments.nvim] [0m[36mfetch[0m[90m | [0m[34mFinished task fetch in 610ms[0m
[35m[mini.ai] [0m[36m       status[0m[90m | [0m[34mFinished task status in 5ms[0m
[35m[mini.ai] [0m[36m     checkout[0m[90m | [0m[34mRunning task checkout[0m
[35m[mini.ai] [0m[36m     checkout[0m[90m | [0m[34mFinished task checkout in 0ms[0m
[35m[nvim-treesitter] [0m[36mstatus[0m[90m | [0m[34mRunning task status[0m
[35m[todo-comments.nvim] [0m[36mstatus[0m[90m | [0m[34mRunning task status[0m
[35m[grug-far.nvim] [0m[36m status[0m[90m | [0m[34mFinished task status in 10ms[0m
[35m[grug-far.nvim] [0m[36mcheckout[0m[90m | [0m[34mRunning task checkout[0m
[35m[grug-far.nvim] [0m[36mcheckout[0m[90m | [0m[34mFinished task checkout in 0ms[0m
[35m[which-key.nvim] [0m[36mstatus[0m[90m | [0m[34mFinished task status in 7ms[0m
[35m[which-key.nvim] [0m[36mcheckout[0m[90m | [0m[34mRunning task checkout[0m
[35m[which-key.nvim] [0m[36mcheckout[0m[90m | [0m[34mFinished task checkout in 0ms[0m
[35m[nvim-lint] [0m[36m      fetch[0m[90m | [0m[34mFinished task fetch in 615ms[0m
[35m[nvim-lspconfig] [0m[36m fetch[0m[90m | [0m[34mFinished task fetch in 615ms[0m
[35m[nvim-ts-autotag] [0m[36mfetch[0m[90m | [0m[34mFinished task fetch in 615ms[0m
[35m[gitsigns.nvim] [0m[36m status[0m[90m | [0m[34mFinished task status in 5ms[0m
[35m[gitsigns.nvim] [0m[36mcheckout[0m[90m | [0m[34mRunning task checkout[0m
[35m[gitsigns.nvim] [0m[36mcheckout[0m[90m | [0m[34mFinished task checkout in 0ms[0m
[35m[nvim-lint] [0m[36m     status[0m[90m | [0m[34mRunning task status[0m
[35m[nvim-lspconfig] [0m[36mstatus[0m[90m | [0m[34mRunning task status[0m
[35m[nvim-ts-autotag] [0m[36mstatus[0m[90m | [0m[34mRunning task status[0m
[35m[mason.nvim] [0m[36m     fetch[0m[90m | [0m[34mFinished task fetch in 621ms[0m
[35m[todo-comments.nvim] [0m[36mstatus[0m[90m | [0m[34mFinished task status in 10ms[0m
[35m[mason.nvim] [0m[36m    status[0m[90m | [0m[34mRunning task status[0m
[35m[todo-comments.nvim] [0m[36mcheckout[0m[90m | [0m[34mRunning task checkout[0m
[35m[todo-comments.nvim] [0m[36mcheckout[0m[90m | [0m[34mFinished task checkout in 0ms[0m
[35m[noice.nvim] [0m[36m     fetch[0m[90m | [0m[34mFinished task fetch in 629ms[0m
[35m[noice.nvim] [0m[36m    status[0m[90m | [0m[34mRunning task status[0m
[35m[ts-comments.nvim] [0m[36mfetch[0m[90m | [0m[34mFinished task fetch in 630ms[0m
[35m[nvim-treesitter] [0m[36mstatus[0m[90m | [0m[34mFinished task status in 20ms[0m
[35m[nvim-treesitter] [0m[36mcheckout[0m[90m | [0m[34mRunning task checkout[0m
[35m[nvim-treesitter] [0m[36mcheckout[0m[90m | [0m[34mFinished task checkout in 2ms[0m
[35m[ts-comments.nvim] [0m[36mstatus[0m[90m | [0m[34mRunning task status[0m
[35m[nvim-ts-autotag] [0m[36mstatus[0m[90m | [0m[34mFinished task status in 14ms[0m
[35m[nvim-lint] [0m[36m     status[0m[90m | [0m[34mFinished task status in 15ms[0m
[35m[nvim-lint] [0m[36m   checkout[0m[90m | [0m[34mRunning task checkout[0m
[35m[nvim-lint] [0m[36m   checkout[0m[90m | [0m[34mFinished task checkout in 1ms[0m
[35m[nvim-ts-autotag] [0m[36mcheckout[0m[90m | [0m[34mRunning task checkout[0m
[35m[nvim-ts-autotag] [0m[36mcheckout[0m[90m | [0m[34mFinished task checkout in 1ms[0m
[35m[nvim-lspconfig] [0m[36mstatus[0m[90m | [0m[34mFinished task status in 17ms[0m
[35m[mason.nvim] [0m[36m    status[0m[90m | [0m[34mFinished task status in 8ms[0m
[35m[noice.nvim] [0m[36m    status[0m[90m | [0m[34mFinished task status in 6ms[0m
[35m[mason.nvim] [0m[36m  checkout[0m[90m | [0m[34mRunning task checkout[0m
[35m[mason.nvim] [0m[36m  checkout[0m[90m | [0m[34mFinished task checkout in 5ms[0m
[35m[noice.nvim] [0m[36m  checkout[0m[90m | [0m[34mRunning task checkout[0m
[35m[noice.nvim] [0m[36m  checkout[0m[90m | [0m[34mFinished task checkout in 5ms[0m
[35m[nvim-lspconfig] [0m[36mcheckout[0m[90m | [0m[34mRunning task checkout[0m
[35m[nvim-lspconfig] [0m[36mcheckout[0m[90m | [0m[34mFinished task checkout in 6ms[0m
[35m[ts-comments.nvim] [0m[36mstatus[0m[90m | [0m[34mFinished task status in 11ms[0m
[35m[ts-comments.nvim] [0m[36mcheckout[0m[90m | [0m[34mRunning task checkout[0m
[35m[ts-comments.nvim] [0m[36mcheckout[0m[90m | [0m[34mFinished task checkout in 2ms[0m
[35m[snacks.nvim] [0m[36m   status[0m[90m | [0m[34mFinished task status in 41ms[0m
[35m[snacks.nvim] [0m[36m checkout[0m[90m | [0m[34mRunning task checkout[0m
[35m[snacks.nvim] [0m[36m checkout[0m[90m | [0m[34mFinished task checkout in 10ms[0m
[35m[LazyVim] [0m[36m        fetch[0m[90m | [0m[34mFinished task fetch in 669ms[0m
[35m[LazyVim] [0m[36m       status[0m[90m | [0m[34mRunning task status[0m
[35m[catppuccin] [0m[36m     fetch[0m[90m | [0m[34mFinished task fetch in 681ms[0m
[35m[catppuccin] [0m[36m    status[0m[90m | [0m[34mRunning task status[0m
[35m[blink.cmp] [0m[36m      fetch[0m[90m | [0m[34mFinished task fetch in 682ms[0m
[35m[blink.cmp] [0m[36m     status[0m[90m | [0m[34mRunning task status[0m
[35m[LazyVim] [0m[36m       status[0m[90m | [0m[34mFinished task status in 13ms[0m
[35m[LazyVim] [0m[36m     checkout[0m[90m | [0m[34mRunning task checkout[0m
[35m[friendly-snippets] [0m[36mfetch[0m[90m | [0m[34mFinished task fetch in 689ms[0m
[35m[friendly-snippets] [0m[36mstatus[0m[90m | [0m[34mRunning task status[0m
[35m[catppuccin] [0m[36m    status[0m[90m | [0m[34mFinished task status in 9ms[0m
[35m[lazydev.nvim] [0m[36m   fetch[0m[90m | [0m[34mFinished task fetch in 691ms[0m
[35m[catppuccin] [0m[36m  checkout[0m[90m | [0m[34mRunning task checkout[0m
[35m[catppuccin] [0m[36m  checkout[0m[90m | [0m[34mFinished task checkout in 0ms[0m
[35m[lazydev.nvim] [0m[36m  status[0m[90m | [0m[34mRunning task status[0m
[35m[blink.cmp] [0m[36m     status[0m[90m | [0m[34mFinished task status in 7ms[0m
[35m[blink.cmp] [0m[36m   checkout[0m[90m | [0m[34mRunning task checkout[0m
[35m[mini.pairs] [0m[36m     fetch[0m[90m | [0m[34mFinished task fetch in 699ms[0m
[35m[trouble.nvim] [0m[36m   fetch[0m[90m | [0m[34mFinished task fetch in 698ms[0m
[35m[friendly-snippets] [0m[36mstatus[0m[90m | [0m[34mFinished task status in 10ms[0m
[35m[lazydev.nvim] [0m[36m  status[0m[90m | [0m[34mFinished task status in 8ms[0m
[35m[LazyVim] [0m[36m     checkout[0m[90m | [0mHEAD is now at 28db03f9 chore(main): release 15.13.0
[35m[friendly-snippets] [0m[36mcheckout[0m[90m | [0m[34mRunning task checkout[0m
[35m[friendly-snippets] [0m[36mcheckout[0m[90m | [0m[34mFinished task checkout in 0ms[0m
[35m[lazydev.nvim] [0m[36mcheckout[0m[90m | [0m[34mRunning task checkout[0m
[35m[lazydev.nvim] [0m[36mcheckout[0m[90m | [0m[34mFinished task checkout in 0ms[0m
[35m[mini.pairs] [0m[36m    status[0m[90m | [0m[34mRunning task status[0m
[35m[trouble.nvim] [0m[36m  status[0m[90m | [0m[34mRunning task status[0m
[35m[nvim-treesitter-textobjects] [0m[36mfetch[0m[90m | [0m[34mFinished task fetch in 701ms[0m
[35m[blink.cmp] [0m[36m   checkout[0m[90m | [0mHEAD is now at 4b18c32 chore: bump version to 1.9.1
[35m[nvim-treesitter-textobjects] [0m[36mstatus[0m[90m | [0m[34mRunning task status[0m
[35m[LazyVim] [0m[36m     checkout[0m[90m | [0m[34mFinished task checkout in 17ms[0m
[35m[blink.cmp] [0m[36m   checkout[0m[90m | [0m[34mFinished task checkout in 13ms[0m
[35m[mini.pairs] [0m[36m    status[0m[90m | [0m[34mFinished task status in 7ms[0m
[35m[mini.pairs] [0m[36m  checkout[0m[90m | [0m[34mRunning task checkout[0m
[35m[mini.pairs] [0m[36m  checkout[0m[90m | [0m[34mFinished task checkout in 0ms[0m
[35m[trouble.nvim] [0m[36m  status[0m[90m | [0m[34mFinished task status in 8ms[0m
[35m[trouble.nvim] [0m[36mcheckout[0m[90m | [0m[34mRunning task checkout[0m
[35m[trouble.nvim] [0m[36mcheckout[0m[90m | [0m[34mFinished task checkout in 0ms[0m
[35m[nvim-treesitter-textobjects] [0m[36mstatus[0m[90m | [0m[34mFinished task status in 10ms[0m
[35m[nvim-treesitter-textobjects] [0m[36mcheckout[0m[90m | [0m[34mRunning task checkout[0m
[35m[nvim-treesitter-textobjects] [0m[36mcheckout[0m[90m | [0m[34mFinished task checkout in 0ms[0m
[35m[plenary.nvim] [0m[36m   fetch[0m[90m | [0m[34mFinished task fetch in 720ms[0m
[35m[plenary.nvim] [0m[36m  status[0m[90m | [0m[34mRunning task status[0m
[35m[lazy.nvim] [0m[36m      fetch[0m[90m | [0m[34mFinished task fetch in 746ms[0m
[35m[lazy.nvim] [0m[36m     status[0m[90m | [0m[34mRunning task status[0m
[35m[plenary.nvim] [0m[36m  status[0m[90m | [0m[34mFinished task status in 21ms[0m
[35m[plenary.nvim] [0m[36mcheckout[0m[90m | [0m[34mRunning task checkout[0m
[35m[plenary.nvim] [0m[36mcheckout[0m[90m | [0m[34mFinished task checkout in 0ms[0m
[35m[lazy.nvim] [0m[36m     status[0m[90m | [0m[34mFinished task status in 22ms[0m
[35m[lazy.nvim] [0m[36m   checkout[0m[90m | [0m[34mRunning task checkout[0m
[35m[lualine.nvim] [0m[36m   fetch[0m[90m | [0m[34mFinished task fetch in 810ms[0m
[35m[lazy.nvim] [0m[36m   checkout[0m[90m | [0mHEAD is now at 85c7ff3 chore(main): release 11.17.5 (#2087)
[35m[lualine.nvim] [0m[36m  status[0m[90m | [0m[34mRunning task status[0m
[35m[lazy.nvim] [0m[36m   checkout[0m[90m | [0m[34mFinished task checkout in 32ms[0m
[35m[lualine.nvim] [0m[36m  status[0m[90m | [0m[34mFinished task status in 9ms[0m
[35m[lualine.nvim] [0m[36mcheckout[0m[90m | [0m[34mRunning task checkout[0m
[35m[lualine.nvim] [0m[36mcheckout[0m[90m | [0m[34mFinished task checkout in 0ms[0m

Successfully installed Neovim and set up LazyVim configuration with tree-sitter, LSP support, and other plugins!
Command output : 
Command output : 
Successfully installed mise.
Command output : 
Successfully configured Zsh with custom .zshrc.
Command output : mise () {
	local command
	command="${1:-}" 
	if [ "$#" = 0 ]
	then
		command /home/rs/.local/bin/mise
		return
	fi
	shift
	case "$command" in
		(deactivate | shell | sh) if [[ ! " $@ " =~ " --help " ]] && [[ ! " $@ " =~ " -h " ]]
			then
				eval "$(command /home/rs/.local/bin/mise "$command" "$@")"
				return $?
			fi ;;
	esac
	command /home/rs/.local/bin/mise "$command" "$@"
}

Added mise path to the environment variable PATH in .zshrc.
mise is installed at /home/rs/.local/bin/mise.
Command output : 
Command output : 
Command output : 
Successfully installed Java LTS, .NET 10, and Python latest using mise.
Command output :  there is nothing to do

Successfully installed Docker and Docker Compose.
Command output : 
Command output : 
Successfully started and enabled Docker service.
Command output : 
Successfully added user rs to docker group.
Command output :  there is nothing to do

Successfully installed Lazygit and Lazydocker.
Command output : 
Successfully configured Lazygit and Lazydocker in Neovim with LazyVim.
Command output : resolving dependencies...
looking for conflicting packages...

Package (4)          New Version  Net Change  Download Size

extra/composefs      1.0.8-1        0.15 MiB       0.06 MiB
extra/libmalcontent  0.13.1-1       0.20 MiB       0.04 MiB
extra/ostree         2025.7-2       4.37 MiB       0.81 MiB
extra/flatpak        1:1.16.3-1     7.45 MiB       1.85 MiB

Total Download Size:    2.76 MiB
Total Installed Size:  12.16 MiB

:: Proceed with installation? [Y/n] 
:: Retrieving packages...
 flatpak-1:1.16.3-1-x86_64 downloading...
 ostree-2025.7-2-x86_64 downloading...
 composefs-1.0.8-1-x86_64 downloading...
 libmalcontent-0.13.1-1-x86_64 downloading...
checking keyring...
checking package integrity...
loading package files...
checking for file conflicts...
:: Processing package changes...
installing libmalcontent...
installing composefs...
installing ostree...
installing flatpak...
:: Running post-transaction hooks...
(1/7) Creating system user accounts...
Creating group 'flatpak' with GID 955.
Creating user 'flatpak' (Flatpak system helper) with UID 955 and GID 955.
(2/7) Creating temporary files...
(3/7) Reloading system manager configuration...
(4/7) Reloading user manager configuration...
(5/7) Arming ConditionNeedsUpdate...
(6/7) Updating initramfs...
:: Building initramfs for linux-lts (6.12.73-1-lts)
:: Building fallback initramfs for linux-lts (6.12.73-1-lts)
:: Building initramfs for linux (6.18.9-arch1-2)
:: Building fallback initramfs for linux (6.18.9-arch1-2)
(7/7) Reloading system bus configuration...

Successfully installed Flatpak.
Command output : 
Successfully added Flathub repository for Flatpak.
Prepared list of native applications to install: firefox, vlc, virtualbox, handbrake, qbittorrent, toolbox, distrobox, libreoffice-fresh, featherpad.
User input: all
User selected the following applications for installation: firefox, vlc, virtualbox, handbrake, qbittorrent, toolbox, distrobox, libreoffice-fresh, featherpad.
Command output :  there is nothing to do

Successfully installed firefox.
Command output : resolving dependencies...
looking for conflicting packages...

Package (7)                     New Version       Net Change  Download Size

extra/qt5-svg                   5.15.18+kde+r5-1    0.49 MiB       0.15 MiB
extra/vlc-cli                   3.0.21-32           0.03 MiB       0.01 MiB
extra/vlc-gui-qt                3.0.21-32           3.12 MiB       1.03 MiB
extra/vlc-plugin-lua            3.0.21-32           0.95 MiB       0.30 MiB
extra/vlc-plugin-pulse          3.0.21-32           0.08 MiB       0.02 MiB
extra/vlc-plugins-video-output  3.0.21-32           0.64 MiB       0.15 MiB
extra/vlc                       3.0.21-32          40.06 MiB       6.07 MiB

Total Download Size:    7.74 MiB
Total Installed Size:  45.37 MiB

:: Proceed with installation? [Y/n] 
:: Retrieving packages...
 vlc-3.0.21-32-x86_64 downloading...
 vlc-gui-qt-3.0.21-32-x86_64 downloading...
 vlc-plugin-lua-3.0.21-32-x86_64 downloading...
 vlc-plugins-video-output-3.0.21-32-x86_64 downloading...
 qt5-svg-5.15.18+kde+r5-1-x86_64 downloading...
 vlc-plugin-pulse-3.0.21-32-x86_64 downloading...
 vlc-cli-3.0.21-32-x86_64 downloading...
checking keyring...
checking package integrity...
loading package files...
checking for file conflicts...
:: Processing package changes...
installing qt5-svg...
installing vlc-cli...
Optional dependencies for vlc-cli
    vlc-plugin-lua: for Lua scripting plugins [pending]
installing vlc-plugin-lua...
Optional dependencies for vlc-plugin-lua
    lua-socket: for http interface
installing vlc-plugin-pulse...
installing vlc-plugins-video-output...
Optional dependencies for vlc-plugins-video-output
    libva-intel-driver: for Intel VA-API drivers
    libva-mesa-driver: for open-source VA-API drivers [installed]
installing vlc-gui-qt...
Optional dependencies for vlc-gui-qt
    vlc-plugin-ffmpeg: for FFMPEG support
    vlc-plugin-kwallet: for kwallet keyring support on KDE
    vlc-plugin-libsecret: for libsecret/gnome-keyring support on Gnome
    vlc-plugin-notify: for notification support
    vlc-plugins-extra: for extra plugins
    vlc-plugins-visualization: for visualization plugins
installing vlc...
Optional dependencies for vlc
    vlc-gui-ncurses: for ncurses TUI
    vlc-gui-skins2: for Skins2 GUI
    vlc-plugins-all: for all plugins
    vlc-plugins-extra: for extra plugins
    vlc-plugins-visualization: for visualization plugins
    vlc-plugin-aalib: for ASCII art video output support
    vlc-plugin-aom: for AOM AV1 codec support
    vlc-plugin-aribb24: for ARIB STD-24 codec and demux support
    vlc-plugin-aribb25: for ARIB STD-25 stream filter support
    vlc-plugin-ass: for SSA/ASS subtitle codec support
    vlc-plugin-avahi: for mDNS/DNS-SD services discovery support
    vlc-plugin-bluray: for Blu-ray access support
    vlc-plugin-caca: for color ASCII art video output support
    vlc-plugin-cddb: for CDDB access support
    vlc-plugin-chromecast: for Chromecast stream out support
    vlc-plugin-dca: for DTS Coherent Acoustics codec support
    vlc-plugin-dvb: for DVB access, mux and demux support
    vlc-plugin-dvd: for DVD access support
    vlc-plugin-ffmpeg: for FFMPEG based access, codec, demux, packetizer, VDPAU, video chroma and video filter support
    vlc-plugin-firewire: for FireWire device access support
    vlc-plugin-fluidsynth: for FluidSynth codec support
    vlc-plugin-freetype: for subtitle and on screen display text rendering support
    vlc-plugin-gme: for Game Music Emulation demux support
    vlc-plugin-gstreamer: for GStreamer codec support
    vlc-plugin-jack: for JACK access and audio output support
    vlc-plugin-kate: for kate karaoke codec support
    vlc-plugin-kwallet: for kwallet keystore support
    vlc-plugin-libsecret: for libsecret keystore support
    vlc-plugin-lirc: for infrared remote control support
    vlc-plugin-live555: for RTP/RTSP stream access support
    vlc-plugin-mad: for MPEG Audio Decoder audio filter support
    vlc-plugin-matroska: for Matroska demux support
    vlc-plugin-mdns: for mDNS services discovery support
    vlc-plugin-modplug: for MOD demux support
    vlc-plugin-mpeg2: for MPEG2 codec support
    vlc-plugin-mtp: for MTP device access and discovery support
    vlc-plugin-musepack: for MusePack demux support
    vlc-plugin-nfs: for NFS access support
    vlc-plugin-notify: for notification support
    vlc-plugin-quicksync: for Intel QuickSync H264/H262 codec support
    vlc-plugin-samplerate: for samplerate audio filter support
    vlc-plugin-sdl: for SDL codec support
    vlc-plugin-sftp: for SFTP access support
    vlc-plugin-smb: for SMB access support
    vlc-plugin-soxr: for SoX Resampler audio filter support
    vlc-plugin-srt: for SRT subtitle file support
    vlc-plugin-svg: for SVG codec and text renderer support
    vlc-plugin-udev: for ALSA services discovery support using udev
    vlc-plugin-upnp: for UPnP services discovery support
    vlc-plugin-x264: for H264/AVC encoding support
    vlc-plugin-x265: for H265/HEVC encoding support
    vlc-plugin-zvbi: for VBI access (also over V4L2) and codec support
:: Running post-transaction hooks...
(1/4) Arming ConditionNeedsUpdate...
(2/4) Updating icon theme caches...
(3/4) Updating the desktop file MIME type cache...
(4/4) Updating the vlc plugin cache...

Successfully installed vlc.
Command output : resolving dependencies...
:: There are 3 providers available for VIRTUALBOX-HOST-MODULES:
:: Repository extra
   1) virtualbox-host-dkms  2) virtualbox-host-modules-arch  3) virtualbox-host-modules-lts

Enter a number (default=1): 
looking for conflicting packages...

Package (7)                 New Version  Net Change  Download Size

extra/dkms                  3.3.0-1        0.16 MiB       0.05 MiB
extra/liblzf                3.6-5          0.05 MiB       0.02 MiB
extra/libtpms               0.10.2-1       1.07 MiB       0.43 MiB
extra/qt6-scxml             6.10.2-1       2.23 MiB       0.52 MiB
extra/sdl12-compat          1.2.68-2       0.64 MiB       0.13 MiB
extra/virtualbox-host-dkms  7.2.6-1       12.20 MiB       0.85 MiB
extra/virtualbox            7.2.6-1      216.16 MiB      50.63 MiB

Total Download Size:    52.61 MiB
Total Installed Size:  232.50 MiB

:: Proceed with installation? [Y/n] 
:: Retrieving packages...
 virtualbox-7.2.6-1-x86_64 downloading...
 virtualbox-host-dkms-7.2.6-1-x86_64 downloading...
 qt6-scxml-6.10.2-1-x86_64 downloading...
 libtpms-0.10.2-1-x86_64 downloading...
 sdl12-compat-1.2.68-2-x86_64 downloading...
 dkms-3.3.0-1-any downloading...
 liblzf-3.6-5-x86_64 downloading...
checking keyring...
checking package integrity...
loading package files...
checking for file conflicts...
:: Processing package changes...
installing liblzf...
installing libtpms...
installing qt6-scxml...
Optional dependencies for qt6-scxml
    qt6-declarative: QML bindings [installed]
installing sdl12-compat...
installing dkms...
Optional dependencies for dkms
    linux-headers: build modules against the Arch kernel [installed]
    linux-lts-headers: build modules against the LTS kernel [installed]
    linux-zen-headers: build modules against the ZEN kernel
    linux-hardened-headers: build modules against the HARDENED kernel
installing virtualbox-host-dkms...
installing virtualbox...
Optional dependencies for virtualbox
    vde2: Virtual Distributed Ethernet support
    virtualbox-guest-iso: Guest Additions CD image
    virtualbox-ext-vnc: VNC server support
    virtualbox-sdk: Developer kit
:: Running post-transaction hooks...
(1/9) Creating system user accounts...
Creating group 'vboxusers' with GID 108.
(2/9) Reloading system manager configuration...
(3/9) Updating the MIME type database...
(4/9) Reloading device manager configuration...
(5/9) Arming ConditionNeedsUpdate...
(6/9) Install DKMS modules
==> dkms install --no-depmod vboxhost/7.2.6_OSE -k 6.12.73-1-lts
==> dkms install --no-depmod vboxhost/7.2.6_OSE -k 6.18.9-arch1-2
==> depmod 6.12.73-1-lts
==> depmod 6.18.9-arch1-2
(7/9) Updating initramfs...
:: Building initramfs for linux-lts (6.12.73-1-lts)
:: Building fallback initramfs for linux-lts (6.12.73-1-lts)
:: Building initramfs for linux (6.18.9-arch1-2)
:: Building fallback initramfs for linux (6.18.9-arch1-2)
(8/9) Updating icon theme caches...
(9/9) Updating the desktop file MIME type cache...

Successfully installed virtualbox.
Command output : resolving dependencies...
looking for conflicting packages...

Package (2)      New Version  Net Change  Download Size

extra/numactl    2.0.19-1       0.24 MiB       0.08 MiB
extra/handbrake  1.10.2-4      52.74 MiB      12.98 MiB

Total Download Size:   13.06 MiB
Total Installed Size:  52.97 MiB

:: Proceed with installation? [Y/n] 
:: Retrieving packages...
 handbrake-1.10.2-4-x86_64 downloading...
 numactl-2.0.19-1-x86_64 downloading...
checking keyring...
checking package integrity...
loading package files...
checking for file conflicts...
:: Processing package changes...
installing numactl...
installing handbrake...
Optional dependencies for handbrake
    gst-plugins-good: for video previews
    gst-libav: for video previews [installed]
    gvfs: for CD/DVD drive access
    intel-media-sdk: Intel QuickSync support
    libdvdcss: for decoding encrypted DVDs [installed]
:: Running post-transaction hooks...
(1/3) Arming ConditionNeedsUpdate...
(2/3) Updating icon theme caches...
(3/3) Updating the desktop file MIME type cache...

Successfully installed handbrake.
Command output : resolving dependencies...
looking for conflicting packages...

Package (3)                 New Version  Net Change  Download Size

extra/boost-libs            1.89.0-4       9.27 MiB       2.58 MiB
extra/libtorrent-rasterbar  1:2.0.11-8    10.01 MiB       2.45 MiB
extra/qbittorrent           5.1.4-1       12.99 MiB       7.55 MiB

Total Download Size:   12.57 MiB
Total Installed Size:  32.27 MiB

:: Proceed with installation? [Y/n] 
:: Retrieving packages...
 qbittorrent-5.1.4-1-x86_64 downloading...
 boost-libs-1.89.0-4-x86_64 downloading...
 libtorrent-rasterbar-1:2.0.11-8-x86_64 downloading...
checking keyring...
checking package integrity...
loading package files...
checking for file conflicts...
:: Processing package changes...
installing boost-libs...
Optional dependencies for boost-libs
    openmpi: for mpi support
installing libtorrent-rasterbar...
installing qbittorrent...
Optional dependencies for qbittorrent
    python: needed for torrent search tab [installed]
:: Running post-transaction hooks...
(1/3) Arming ConditionNeedsUpdate...
(2/3) Updating icon theme caches...
(3/3) Updating the desktop file MIME type cache...

Successfully installed qbittorrent.
Command output : resolving dependencies...
looking for conflicting packages...

Package (8)              New Version           Net Change  Download Size

extra/aardvark-dns       1.17.0-1                2.73 MiB       0.85 MiB
extra/catatonit          0.2.1-2                 0.81 MiB       0.31 MiB
extra/conmon             1:2.2.1-1               0.16 MiB       0.04 MiB
extra/containers-common  1:0.66.1-2              0.22 MiB       0.11 MiB
extra/netavark           1.17.2-1               10.53 MiB       3.06 MiB
extra/passt              2026_01_20.386b5f5-1    0.65 MiB       0.25 MiB
extra/podman             5.7.1-1                78.58 MiB      22.98 MiB
extra/toolbox            0.3-1                  12.10 MiB       3.43 MiB

Total Download Size:    31.03 MiB
Total Installed Size:  105.77 MiB

:: Proceed with installation? [Y/n] 
:: Retrieving packages...
 podman-5.7.1-1-x86_64 downloading...
 toolbox-0.3-1-x86_64 downloading...
 netavark-1.17.2-1-x86_64 downloading...
 aardvark-dns-1.17.0-1-x86_64 downloading...
 catatonit-0.2.1-2-x86_64 downloading...
 passt-2026_01_20.386b5f5-1-x86_64 downloading...
 containers-common-1:0.66.1-2-any downloading...
 conmon-1:2.2.1-1-x86_64 downloading...
checking keyring...
checking package integrity...
loading package files...
checking for file conflicts...
:: Processing package changes...
installing catatonit...
installing conmon...
installing aardvark-dns...
installing netavark...
installing containers-common...
installing passt...
Optional dependencies for passt
    sh: for demo script [installed]
installing podman...
Optional dependencies for podman
    apparmor: for AppArmor support
    btrfs-progs: support btrfs backend devices [installed]
    fuse-overlayfs: for deprecated storage driver in rootless environment
    slirp4netns: for alternative rootless network support
    podman-compose: for docker-compose compatibility
    podman-docker: for Docker-compatible CLI
installing toolbox...
:: Running post-transaction hooks...
(1/4) Creating temporary files...
(2/4) Reloading system manager configuration...
(3/4) Reloading user manager configuration...
(4/4) Arming ConditionNeedsUpdate...

Successfully installed toolbox.
Command output : resolving dependencies...
looking for conflicting packages...

Package (1)      New Version  Net Change  Download Size

extra/distrobox  1.8.2.4-1      0.57 MiB       0.24 MiB

Total Download Size:   0.24 MiB
Total Installed Size:  0.57 MiB

:: Proceed with installation? [Y/n] 
:: Retrieving packages...
 distrobox-1.8.2.4-1-any downloading...
checking keyring...
checking package integrity...
loading package files...
checking for file conflicts...
:: Processing package changes...
installing distrobox...
Optional dependencies for distrobox
    docker: Docker support [installed]
    podman: Podman support [installed]
:: Running post-transaction hooks...
(1/2) Arming ConditionNeedsUpdate...
(2/2) Updating icon theme caches...

Successfully installed distrobox.
Command output : resolving dependencies...
looking for conflicting packages...

Package (30)             New Version  Net Change  Download Size

extra/argon2             20190702-6     0.10 MiB       0.03 MiB
extra/clucene            2.3.3.4-17     2.65 MiB       0.72 MiB
extra/libabw             0.1.3-6        2.66 MiB       0.26 MiB
extra/libatomic_ops      7.8.2-2        0.67 MiB       0.07 MiB
extra/libcdr             0.1.8-4        7.89 MiB       0.94 MiB
extra/libcmis            0.6.2-7        1.29 MiB       0.41 MiB
extra/libe-book          0.1.3-20      10.79 MiB       0.67 MiB
extra/libepubgen         0.1.1-6        2.56 MiB       0.24 MiB
extra/libetonyek         0.1.13-2       2.44 MiB       0.63 MiB
extra/libexttextcat      3.4.7-1        0.47 MiB       0.20 MiB
extra/libfreehand        0.1.2-6        5.82 MiB       0.67 MiB
extra/libixion           0.20.0-5       1.28 MiB       0.40 MiB
extra/liblangtag         0.6.8-1        3.24 MiB       0.32 MiB
extra/libmspub           0.1.4-19       7.53 MiB       0.45 MiB
extra/libmwaw            0.3.22-4       7.05 MiB       2.56 MiB
extra/libnumbertext      1.0.11-3       0.69 MiB       0.18 MiB
extra/libodfgen          0.1.8-5        1.74 MiB       0.30 MiB
extra/liborcus           0.21.0-4       3.45 MiB       0.89 MiB
extra/libpagemaker       0.0.4-5        2.04 MiB       0.17 MiB
extra/libqxp             0.0.2-15       3.41 MiB       0.29 MiB
extra/librevenge         0.0.5-4        9.28 MiB       0.57 MiB
extra/libstaroffice      0.0.7-5        2.25 MiB       0.74 MiB
extra/libvisio           0.1.10-3       9.64 MiB       0.75 MiB
extra/libwpd             0.10.3-6      14.66 MiB       0.97 MiB
extra/libwps             0.4.14-4       2.12 MiB       0.83 MiB
extra/libzmf             0.0.2-20       2.07 MiB       0.24 MiB
extra/lpsolve            5.5.2.11-3     1.67 MiB       0.64 MiB
extra/rasqal             1:0.9.33-7     2.73 MiB       0.45 MiB
extra/redland            1:1.0.17-9     1.68 MiB       0.19 MiB
extra/libreoffice-fresh  26.2.0-4     417.33 MiB     145.14 MiB

Total Download Size:   160.93 MiB
Total Installed Size:  531.21 MiB

:: Proceed with installation? [Y/n] 
:: Retrieving packages...
 libreoffice-fresh-26.2.0-4-x86_64 downloading...
 libmwaw-0.3.22-4-x86_64 downloading...
 libwpd-0.10.3-6-x86_64 downloading...
 libcdr-0.1.8-4-x86_64 downloading...
 liborcus-0.21.0-4-x86_64 downloading...
 libwps-0.4.14-4-x86_64 downloading...
 libvisio-0.1.10-3-x86_64 downloading...
 libstaroffice-0.0.7-5-x86_64 downloading...
 clucene-2.3.3.4-17-x86_64 downloading...
 libe-book-0.1.3-20-x86_64 downloading...
 libfreehand-0.1.2-6-x86_64 downloading...
 lpsolve-5.5.2.11-3-x86_64 downloading...
 libetonyek-0.1.13-2-x86_64 downloading...
 librevenge-0.0.5-4-x86_64 downloading...
 libmspub-0.1.4-19-x86_64 downloading...
 rasqal-1:0.9.33-7-x86_64 downloading...
 libcmis-0.6.2-7-x86_64 downloading...
 libixion-0.20.0-5-x86_64 downloading...
 liblangtag-0.6.8-1-x86_64 downloading...
 libodfgen-0.1.8-5-x86_64 downloading...
 libqxp-0.0.2-15-x86_64 downloading...
 libabw-0.1.3-6-x86_64 downloading...
 libzmf-0.0.2-20-x86_64 downloading...
 libepubgen-0.1.1-6-x86_64 downloading...
 libexttextcat-3.4.7-1-x86_64 downloading...
 redland-1:1.0.17-9-x86_64 downloading...
 libnumbertext-1.0.11-3-x86_64 downloading...
 libpagemaker-0.0.4-5-x86_64 downloading...
 libatomic_ops-7.8.2-2-x86_64 downloading...
 argon2-20190702-6-x86_64 downloading...
checking keyring...
checking package integrity...
loading package files...
checking for file conflicts...
:: Processing package changes...
installing librevenge...
installing libwpd...
installing libwps...
installing rasqal...
installing redland...
installing lpsolve...
installing libvisio...
installing liblangtag...
Optional dependencies for liblangtag
    gobject-introspection-runtime: use with liblangtag-gobject [installed]
installing libetonyek...
installing libodfgen...
installing libcdr...
installing libmspub...
installing clucene...
installing libpagemaker...
installing libabw...
installing libmwaw...
installing libe-book...
installing libexttextcat...
installing libixion...
installing liborcus...
Optional dependencies for liborcus
    python-requests: in tool bugzilla
installing libcmis...
installing libzmf...
installing libatomic_ops...
installing libnumbertext...
installing libfreehand...
installing libstaroffice...
installing libepubgen...
installing libqxp...
installing argon2...
installing libreoffice-fresh...
Optional dependencies for libreoffice-fresh
    java-runtime: adds java support
    java-environment>=17: required by extension-wiki-publisher and extension-nlpsolver
    pstoedit: translates PostScript and PDF graphics into other vector formats
    libmythes: for use in thesaurus
    beanshell: interactive java -- good for prototyping/macros
    libwpg: library for importing and converting WordPerfect Graphics format
    sane: for scanner access
    unixodbc: adds ODBC database support
    gst-plugins-base-libs: for multimedia content, e.g. in Impress [installed]
    libpaper: takes care of papersize [installed]
    postgresql-libs: for postgresql-connector
    mariadb-libs: for mysql-connector
    coin-or-mp: required by the Calc solver
    gtk3: for GTK3 integration [installed]
    gtk4: for GTK4 integration (experimental) [installed]
    kio: for KF6 KDE desktop integration [installed]
    qt6-multimedia: for Qt6 desktop integration [installed]
    rhino: for JavaScript support
:: Running post-transaction hooks...
(1/4) Updating the MIME type database...
(2/4) Arming ConditionNeedsUpdate...
(3/4) Updating icon theme caches...
(4/4) Updating the desktop file MIME type cache...

Successfully installed libreoffice-fresh.
Command output :  there is nothing to do

Successfully installed featherpad.
Command output :  -> visual-studio-code-bin-1.109.4-1 is up to date -- skipping
 there is nothing to do

Successfully installed Visual Studio Code.
Command output : AUR Explicit (1): google-chrome-145.0.7632.109-1
:: [1m(1/1) Downloaded PKGBUILD: google-chrome[0m
  1 google-chrome                            (Build Files Exist)
==> Packages to cleanBuild?
==> [N]one [A]ll [Ab]ort [I]nstalled [No]tInstalled or (1 2 3, 1-3, ^4)
==> 
  1 google-chrome                            (Build Files Exist)
==> Diffs to show?
==> [N]one [A]ll [Ab]ort [I]nstalled [No]tInstalled or (1 2 3, 1-3, ^4)
==> 
==> Making package: google-chrome 145.0.7632.109-1 (Thursday 19 February 2026 05:13:59 PM)
==> Retrieving sources...
  -> Downloading google-chrome-stable_145.0.7632.109-1_amd64.deb...
  -> Found eula_text.html
  -> Found google-chrome-stable.sh
==> Validating source files with sha512sums...
:: [1m(1/1) Parsing SRCINFO: google-chrome[0m
==> Making package: google-chrome 145.0.7632.109-1 (Thursday 19 February 2026 05:14:05 PM)
==> Checking runtime dependencies...
==> Checking buildtime dependencies...
==> Retrieving sources...
  -> Found google-chrome-stable_145.0.7632.109-1_amd64.deb
  -> Found eula_text.html
  -> Found google-chrome-stable.sh
==> Validating source files with sha512sums...
==> Removing existing $srcdir/ directory...
==> Extracting sources...
  -> Extracting google-chrome-stable_145.0.7632.109-1_amd64.deb with bsdtar
==> Sources are ready.
==> Making package: google-chrome 145.0.7632.109-1 (Thursday 19 February 2026 05:14:07 PM)
==> Checking runtime dependencies...
==> Checking buildtime dependencies...
==> Entering fakeroot environment...
==> Starting package()...
==> Tidying install...
  -> Removing libtool files...
  -> Removing static library files...
  -> Purging unwanted files...
  -> Removing empty directories...
  -> Compressing man and info pages...
==> Checking for packaging issues...
==> Creating package "google-chrome"...
  -> Generating .PKGINFO file...
  -> Generating .BUILDINFO file...
  -> Adding install file...
  -> Generating .MTREE file...
  -> Compressing package...
==> Leaving fakeroot environment.
==> Finished making: google-chrome 145.0.7632.109-1 (Thursday 19 February 2026 05:14:13 PM)
==> Cleaning up...
loading packages...
resolving dependencies...
looking for conflicting packages...

Package (1)    New Version       Net Change

google-chrome  145.0.7632.109-1  385.83 MiB

Total Installed Size:  385.83 MiB

:: Proceed with installation? [Y/n] 
checking keyring...
checking package integrity...
loading package files...
checking for file conflicts...
:: Processing package changes...
installing google-chrome...
(B[m[1m[34m==>(B[m[1m[33m NOTE:(B[m[1m Custom flags should be put directly in: ~/.config/chrome-flags.conf(B[m
(B[m[1m[34m==>(B[m[1m[33m NOTE:(B[m[1m The launcher is called: 'google-chrome-stable'(B[m
Optional dependencies for google-chrome
    pipewire: WebRTC desktop sharing under Wayland [installed]
    kdialog: for file dialogs in KDE
    gnome-keyring: for storing passwords in GNOME keyring
    kwallet: for storing passwords in KWallet [installed]
:: Running post-transaction hooks...
(1/3) Arming ConditionNeedsUpdate...
(2/3) Updating icon theme caches...
(3/3) Updating the desktop file MIME type cache...

Successfully installed Google Chrome.
Command output : 
Successfully configured Kitty terminal.
Command error: Error: No theme named: Catppuccin-Mocha.conf

Successfully set Kitty terminal theme to Catppuccin Mocha.
No GNOME desktop environment detected. Skipping GNOME configuration.
Command output : Packages to keep:
  All locally installed packages

Cache directory: /var/cache/pacman/pkg/
:: Do you want to remove all other packages from cache? [Y/n] 
removing old packages from cache...

Database directory: /var/lib/pacman/
:: Do you want to remove unused repositories? [Y/n] 
removing unused sync repositories...

User input: n
